mode: set
github.com/sirosfoundation/goff/internal/mdq/server.go:14.50,17.74 2 1
github.com/sirosfoundation/goff/internal/mdq/server.go:17.74,20.3 2 1
github.com/sirosfoundation/goff/internal/mdq/server.go:22.2,22.75 1 1
github.com/sirosfoundation/goff/internal/mdq/server.go:22.75,25.3 2 1
github.com/sirosfoundation/goff/internal/mdq/server.go:27.2,27.78 1 1
github.com/sirosfoundation/goff/internal/mdq/server.go:27.78,29.18 2 1
github.com/sirosfoundation/goff/internal/mdq/server.go:29.18,32.4 2 0
github.com/sirosfoundation/goff/internal/mdq/server.go:34.3,37.17 3 1
github.com/sirosfoundation/goff/internal/mdq/server.go:37.17,40.4 2 0
github.com/sirosfoundation/goff/internal/mdq/server.go:42.3,42.23 1 1
github.com/sirosfoundation/goff/internal/mdq/server.go:42.23,45.4 2 0
github.com/sirosfoundation/goff/internal/mdq/server.go:47.3,48.17 2 1
github.com/sirosfoundation/goff/internal/mdq/server.go:49.15,51.74 2 1
github.com/sirosfoundation/goff/internal/mdq/server.go:52.14,54.53 2 1
github.com/sirosfoundation/goff/internal/mdq/server.go:55.11,56.61 1 1
github.com/sirosfoundation/goff/internal/mdq/server.go:60.2,60.12 1 1
github.com/sirosfoundation/goff/internal/mdq/server.go:63.70,64.36 1 1
github.com/sirosfoundation/goff/internal/mdq/server.go:64.36,66.3 1 1
github.com/sirosfoundation/goff/internal/mdq/server.go:67.2,67.37 1 1
github.com/sirosfoundation/goff/internal/mdq/server.go:67.37,69.3 1 1
github.com/sirosfoundation/goff/internal/mdq/server.go:70.2,70.16 1 1
github.com/sirosfoundation/goff/internal/mdq/server.go:73.58,75.50 2 1
github.com/sirosfoundation/goff/internal/mdq/server.go:75.50,77.3 1 0
github.com/sirosfoundation/goff/internal/mdq/server.go:78.2,78.149 1 1
github.com/sirosfoundation/goff/internal/mdq/server.go:78.149,80.3 1 1
github.com/sirosfoundation/goff/internal/mdq/server.go:82.2,82.19 1 1
github.com/sirosfoundation/goff/internal/mdq/server.go:82.19,84.3 1 1
github.com/sirosfoundation/goff/internal/mdq/server.go:86.2,86.136 1 1
github.com/sirosfoundation/goff/internal/mdq/server.go:86.136,88.3 1 1
github.com/sirosfoundation/goff/internal/mdq/server.go:90.2,90.11 1 1
github.com/sirosfoundation/goff/internal/mdq/server.go:93.46,95.2 1 1
github.com/sirosfoundation/goff/internal/repo/repository.go:15.40,17.29 2 1
github.com/sirosfoundation/goff/internal/repo/repository.go:17.29,19.3 1 1
github.com/sirosfoundation/goff/internal/repo/repository.go:20.2,20.10 1 1
github.com/sirosfoundation/goff/internal/repo/repository.go:24.38,29.29 4 1
github.com/sirosfoundation/goff/internal/repo/repository.go:29.29,31.3 1 1
github.com/sirosfoundation/goff/internal/repo/repository.go:32.2,33.12 2 1
github.com/sirosfoundation/goff/internal/repo/repository.go:37.44,42.25 4 1
github.com/sirosfoundation/goff/internal/repo/repository.go:42.25,44.3 1 1
github.com/sirosfoundation/goff/internal/repo/repository.go:45.2,45.19 1 1
github.com/sirosfoundation/goff/internal/repo/repository.go:49.48,55.2 4 1
github.com/sirosfoundation/goff/internal/app/app.go:32.59,33.29 1 1
github.com/sirosfoundation/goff/internal/app/app.go:33.29,35.3 1 1
github.com/sirosfoundation/goff/internal/app/app.go:37.2,38.16 2 1
github.com/sirosfoundation/goff/internal/app/app.go:38.16,40.3 1 0
github.com/sirosfoundation/goff/internal/app/app.go:42.2,43.16 2 1
github.com/sirosfoundation/goff/internal/app/app.go:43.16,45.3 1 0
github.com/sirosfoundation/goff/internal/app/app.go:47.2,48.12 2 1
github.com/sirosfoundation/goff/internal/app/app.go:52.63,53.29 1 1
github.com/sirosfoundation/goff/internal/app/app.go:53.29,55.3 1 1
github.com/sirosfoundation/goff/internal/app/app.go:57.2,58.20 2 1
github.com/sirosfoundation/goff/internal/app/app.go:58.21,58.22 0 0
github.com/sirosfoundation/goff/internal/app/app.go:59.2,59.21 1 1
github.com/sirosfoundation/goff/internal/app/app.go:59.21,61.17 2 1
github.com/sirosfoundation/goff/internal/app/app.go:61.17,63.4 1 0
github.com/sirosfoundation/goff/internal/app/app.go:64.3,65.20 2 1
github.com/sirosfoundation/goff/internal/app/app.go:65.20,65.48 1 1
github.com/sirosfoundation/goff/internal/app/app.go:67.2,70.16 3 1
github.com/sirosfoundation/goff/internal/app/app.go:70.16,72.3 1 0
github.com/sirosfoundation/goff/internal/app/app.go:74.2,80.27 5 1
github.com/sirosfoundation/goff/internal/app/app.go:80.27,82.3 1 1
github.com/sirosfoundation/goff/internal/app/app.go:84.2,85.12 2 1
github.com/sirosfoundation/goff/internal/app/app.go:85.12,87.3 1 1
github.com/sirosfoundation/goff/internal/app/app.go:89.2,89.9 1 1
github.com/sirosfoundation/goff/internal/app/app.go:90.20,93.51 3 1
github.com/sirosfoundation/goff/internal/app/app.go:93.51,95.4 1 0
github.com/sirosfoundation/goff/internal/app/app.go:96.3,96.13 1 1
github.com/sirosfoundation/goff/internal/app/app.go:97.22,98.43 1 0
github.com/sirosfoundation/goff/internal/app/app.go:98.43,100.4 1 0
github.com/sirosfoundation/goff/internal/app/app.go:101.3,101.13 1 0
github.com/sirosfoundation/goff/internal/app/app.go:105.122,109.6 3 1
github.com/sirosfoundation/goff/internal/app/app.go:109.6,110.10 1 1
github.com/sirosfoundation/goff/internal/app/app.go:111.21,112.10 1 1
github.com/sirosfoundation/goff/internal/app/app.go:113.19,115.18 2 1
github.com/sirosfoundation/goff/internal/app/app.go:115.18,117.13 2 0
github.com/sirosfoundation/goff/internal/app/app.go:120.4,121.71 2 1
github.com/sirosfoundation/goff/internal/app/app.go:126.82,128.16 2 1
github.com/sirosfoundation/goff/internal/app/app.go:128.16,130.3 1 0
github.com/sirosfoundation/goff/internal/app/app.go:132.2,133.16 2 1
github.com/sirosfoundation/goff/internal/app/app.go:133.16,135.3 1 0
github.com/sirosfoundation/goff/internal/app/app.go:137.2,137.17 1 1
github.com/sirosfoundation/goff/internal/pipeline/engine.go:25.56,29.32 4 1
github.com/sirosfoundation/goff/internal/pipeline/engine.go:29.32,30.19 1 1
github.com/sirosfoundation/goff/internal/pipeline/engine.go:30.19,32.4 1 0
github.com/sirosfoundation/goff/internal/pipeline/engine.go:33.3,35.17 3 1
github.com/sirosfoundation/goff/internal/pipeline/engine.go:35.17,37.4 1 1
github.com/sirosfoundation/goff/internal/pipeline/engine.go:38.3,40.37 3 1
github.com/sirosfoundation/goff/internal/pipeline/engine.go:43.2,51.34 8 1
github.com/sirosfoundation/goff/internal/pipeline/engine.go:51.34,52.22 1 1
github.com/sirosfoundation/goff/internal/pipeline/engine.go:53.53,55.18 2 1
github.com/sirosfoundation/goff/internal/pipeline/engine.go:55.18,57.5 1 0
github.com/sirosfoundation/goff/internal/pipeline/engine.go:58.4,61.24 4 1
github.com/sirosfoundation/goff/internal/pipeline/engine.go:62.17,64.28 2 1
github.com/sirosfoundation/goff/internal/pipeline/engine.go:64.28,68.5 3 1
github.com/sirosfoundation/goff/internal/pipeline/engine.go:69.4,69.24 1 1
github.com/sirosfoundation/goff/internal/pipeline/engine.go:70.17,72.28 2 1
github.com/sirosfoundation/goff/internal/pipeline/engine.go:72.28,76.5 3 0
github.com/sirosfoundation/goff/internal/pipeline/engine.go:77.4,77.24 1 1
github.com/sirosfoundation/goff/internal/pipeline/engine.go:78.15,80.24 2 1
github.com/sirosfoundation/goff/internal/pipeline/engine.go:81.16,82.36 1 1
github.com/sirosfoundation/goff/internal/pipeline/engine.go:83.15,85.24 2 1
github.com/sirosfoundation/goff/internal/pipeline/engine.go:86.19,87.31 1 1
github.com/sirosfoundation/goff/internal/pipeline/engine.go:88.15,89.23 1 1
github.com/sirosfoundation/goff/internal/pipeline/engine.go:90.17,91.27 1 1
github.com/sirosfoundation/goff/internal/pipeline/engine.go:92.18,93.118 1 1
github.com/sirosfoundation/goff/internal/pipeline/engine.go:93.118,95.5 1 1
github.com/sirosfoundation/goff/internal/pipeline/engine.go:96.16,97.21 1 1
github.com/sirosfoundation/goff/internal/pipeline/engine.go:98.15,99.20 1 1
github.com/sirosfoundation/goff/internal/pipeline/engine.go:100.24,101.20 1 1
github.com/sirosfoundation/goff/internal/pipeline/engine.go:102.23,103.124 1 1
github.com/sirosfoundation/goff/internal/pipeline/engine.go:104.11,105.81 1 0
github.com/sirosfoundation/goff/internal/pipeline/engine.go:109.2,109.122 1 1
github.com/sirosfoundation/goff/internal/pipeline/engine.go:112.181,117.2 4 1
github.com/sirosfoundation/goff/internal/pipeline/engine.go:119.217,120.27 1 1
github.com/sirosfoundation/goff/internal/pipeline/engine.go:120.27,122.35 2 1
github.com/sirosfoundation/goff/internal/pipeline/engine.go:122.35,126.4 3 1
github.com/sirosfoundation/goff/internal/pipeline/engine.go:127.3,127.81 1 1
github.com/sirosfoundation/goff/internal/pipeline/engine.go:130.2,130.22 1 1
github.com/sirosfoundation/goff/internal/pipeline/engine.go:130.22,132.3 1 0
github.com/sirosfoundation/goff/internal/pipeline/engine.go:134.2,135.9 2 1
github.com/sirosfoundation/goff/internal/pipeline/engine.go:135.9,137.3 1 0
github.com/sirosfoundation/goff/internal/pipeline/engine.go:139.2,141.61 3 1
github.com/sirosfoundation/goff/internal/pipeline/engine.go:144.304,145.253 1 1
github.com/sirosfoundation/goff/internal/pipeline/engine.go:145.253,149.23 4 1
github.com/sirosfoundation/goff/internal/pipeline/engine.go:149.23,151.4 1 0
github.com/sirosfoundation/goff/internal/pipeline/engine.go:152.3,152.77 1 1
github.com/sirosfoundation/goff/internal/pipeline/engine.go:155.2,162.23 7 1
github.com/sirosfoundation/goff/internal/pipeline/engine.go:162.23,163.28 1 1
github.com/sirosfoundation/goff/internal/pipeline/engine.go:163.28,165.4 1 1
github.com/sirosfoundation/goff/internal/pipeline/engine.go:166.3,166.52 1 1
github.com/sirosfoundation/goff/internal/pipeline/engine.go:168.2,174.65 6 1
github.com/sirosfoundation/goff/internal/pipeline/engine.go:174.65,177.3 2 1
github.com/sirosfoundation/goff/internal/pipeline/engine.go:178.2,178.21 1 1
github.com/sirosfoundation/goff/internal/pipeline/engine.go:178.21,180.3 1 1
github.com/sirosfoundation/goff/internal/pipeline/engine.go:182.2,183.37 2 1
github.com/sirosfoundation/goff/internal/pipeline/engine.go:183.37,185.10 2 1
github.com/sirosfoundation/goff/internal/pipeline/engine.go:185.10,186.85 1 0
github.com/sirosfoundation/goff/internal/pipeline/engine.go:186.85,188.48 2 0
github.com/sirosfoundation/goff/internal/pipeline/engine.go:188.48,190.6 1 0
github.com/sirosfoundation/goff/internal/pipeline/engine.go:192.4,192.12 1 0
github.com/sirosfoundation/goff/internal/pipeline/engine.go:195.3,195.50 1 1
github.com/sirosfoundation/goff/internal/pipeline/engine.go:195.50,196.12 1 1
github.com/sirosfoundation/goff/internal/pipeline/engine.go:198.3,198.60 1 1
github.com/sirosfoundation/goff/internal/pipeline/engine.go:198.60,199.12 1 1
github.com/sirosfoundation/goff/internal/pipeline/engine.go:201.3,201.88 1 1
github.com/sirosfoundation/goff/internal/pipeline/engine.go:201.88,202.12 1 1
github.com/sirosfoundation/goff/internal/pipeline/engine.go:204.3,204.56 1 1
github.com/sirosfoundation/goff/internal/pipeline/engine.go:204.56,205.12 1 1
github.com/sirosfoundation/goff/internal/pipeline/engine.go:208.3,210.38 3 1
github.com/sirosfoundation/goff/internal/pipeline/engine.go:210.38,212.4 1 1
github.com/sirosfoundation/goff/internal/pipeline/engine.go:215.2,215.37 1 1
github.com/sirosfoundation/goff/internal/pipeline/engine.go:215.37,217.3 1 0
github.com/sirosfoundation/goff/internal/pipeline/engine.go:218.2,221.45 4 1
github.com/sirosfoundation/goff/internal/pipeline/engine.go:224.277,227.24 3 1
github.com/sirosfoundation/goff/internal/pipeline/engine.go:227.24,229.3 1 1
github.com/sirosfoundation/goff/internal/pipeline/engine.go:230.2,231.25 2 1
github.com/sirosfoundation/goff/internal/pipeline/engine.go:231.25,233.3 1 1
github.com/sirosfoundation/goff/internal/pipeline/engine.go:235.2,236.32 2 1
github.com/sirosfoundation/goff/internal/pipeline/engine.go:236.32,238.16 2 1
github.com/sirosfoundation/goff/internal/pipeline/engine.go:238.16,239.12 1 0
github.com/sirosfoundation/goff/internal/pipeline/engine.go:242.3,242.119 1 1
github.com/sirosfoundation/goff/internal/pipeline/engine.go:242.119,244.12 2 1
github.com/sirosfoundation/goff/internal/pipeline/engine.go:246.3,246.53 1 0
github.com/sirosfoundation/goff/internal/pipeline/engine.go:246.53,248.4 1 0
github.com/sirosfoundation/goff/internal/pipeline/engine.go:251.2,251.37 1 1
github.com/sirosfoundation/goff/internal/pipeline/engine.go:251.37,253.3 1 0
github.com/sirosfoundation/goff/internal/pipeline/engine.go:254.2,254.43 1 1
github.com/sirosfoundation/goff/internal/pipeline/engine.go:257.274,259.18 2 1
github.com/sirosfoundation/goff/internal/pipeline/engine.go:259.18,261.3 1 0
github.com/sirosfoundation/goff/internal/pipeline/engine.go:263.2,264.20 2 1
github.com/sirosfoundation/goff/internal/pipeline/engine.go:264.20,266.30 2 1
github.com/sirosfoundation/goff/internal/pipeline/engine.go:266.30,268.11 2 1
github.com/sirosfoundation/goff/internal/pipeline/engine.go:268.11,270.5 1 0
github.com/sirosfoundation/goff/internal/pipeline/engine.go:271.4,271.14 1 1
github.com/sirosfoundation/goff/internal/pipeline/engine.go:271.14,273.13 2 1
github.com/sirosfoundation/goff/internal/pipeline/engine.go:275.4,275.57 1 1
github.com/sirosfoundation/goff/internal/pipeline/engine.go:277.3,277.19 1 1
github.com/sirosfoundation/goff/internal/pipeline/engine.go:280.2,280.109 1 1
github.com/sirosfoundation/goff/internal/pipeline/engine.go:283.271,285.15 2 1
github.com/sirosfoundation/goff/internal/pipeline/engine.go:285.15,287.3 1 0
github.com/sirosfoundation/goff/internal/pipeline/engine.go:289.2,289.46 1 1
github.com/sirosfoundation/goff/internal/pipeline/engine.go:289.46,291.24 2 1
github.com/sirosfoundation/goff/internal/pipeline/engine.go:291.24,293.4 1 0
github.com/sirosfoundation/goff/internal/pipeline/engine.go:294.3,294.63 1 1
github.com/sirosfoundation/goff/internal/pipeline/engine.go:297.2,297.34 1 1
github.com/sirosfoundation/goff/internal/pipeline/engine.go:297.34,299.3 1 1
github.com/sirosfoundation/goff/internal/pipeline/engine.go:301.2,301.35 1 1
github.com/sirosfoundation/goff/internal/pipeline/engine.go:301.35,303.3 1 0
github.com/sirosfoundation/goff/internal/pipeline/engine.go:305.2,305.102 1 1
github.com/sirosfoundation/goff/internal/pipeline/engine.go:305.102,307.3 1 1
github.com/sirosfoundation/goff/internal/pipeline/engine.go:309.2,309.34 1 1
github.com/sirosfoundation/goff/internal/pipeline/engine.go:309.34,310.116 1 1
github.com/sirosfoundation/goff/internal/pipeline/engine.go:310.116,312.4 1 1
github.com/sirosfoundation/goff/internal/pipeline/engine.go:313.3,313.53 1 1
github.com/sirosfoundation/goff/internal/pipeline/engine.go:313.53,315.4 1 1
github.com/sirosfoundation/goff/internal/pipeline/engine.go:316.3,316.26 1 1
github.com/sirosfoundation/goff/internal/pipeline/engine.go:319.2,319.19 1 0
github.com/sirosfoundation/goff/internal/pipeline/engine.go:322.56,326.35 4 1
github.com/sirosfoundation/goff/internal/pipeline/engine.go:326.35,328.19 2 1
github.com/sirosfoundation/goff/internal/pipeline/engine.go:328.19,329.20 1 1
github.com/sirosfoundation/goff/internal/pipeline/engine.go:329.20,331.5 1 1
github.com/sirosfoundation/goff/internal/pipeline/engine.go:332.4,333.12 2 1
github.com/sirosfoundation/goff/internal/pipeline/engine.go:335.3,335.28 1 1
github.com/sirosfoundation/goff/internal/pipeline/engine.go:335.28,338.12 3 1
github.com/sirosfoundation/goff/internal/pipeline/engine.go:340.3,340.15 1 1
github.com/sirosfoundation/goff/internal/pipeline/engine.go:340.15,343.12 3 1
github.com/sirosfoundation/goff/internal/pipeline/engine.go:345.3,345.19 1 1
github.com/sirosfoundation/goff/internal/pipeline/engine.go:347.2,348.14 2 1
github.com/sirosfoundation/goff/internal/pipeline/engine.go:351.58,353.21 2 1
github.com/sirosfoundation/goff/internal/pipeline/engine.go:353.21,355.3 1 1
github.com/sirosfoundation/goff/internal/pipeline/engine.go:356.2,358.14 3 1
github.com/sirosfoundation/goff/internal/pipeline/engine.go:358.14,360.3 1 0
github.com/sirosfoundation/goff/internal/pipeline/engine.go:361.2,361.22 1 1
github.com/sirosfoundation/goff/internal/pipeline/engine.go:364.314,365.15 1 1
github.com/sirosfoundation/goff/internal/pipeline/engine.go:365.15,367.3 1 1
github.com/sirosfoundation/goff/internal/pipeline/engine.go:369.2,370.9 2 1
github.com/sirosfoundation/goff/internal/pipeline/engine.go:370.9,372.3 1 0
github.com/sirosfoundation/goff/internal/pipeline/engine.go:373.2,373.100 1 1
github.com/sirosfoundation/goff/internal/pipeline/engine.go:376.120,379.29 3 1
github.com/sirosfoundation/goff/internal/pipeline/engine.go:379.29,381.46 2 1
github.com/sirosfoundation/goff/internal/pipeline/engine.go:381.46,383.12 2 1
github.com/sirosfoundation/goff/internal/pipeline/engine.go:385.3,386.74 2 1
github.com/sirosfoundation/goff/internal/pipeline/engine.go:386.74,388.12 2 0
github.com/sirosfoundation/goff/internal/pipeline/engine.go:390.3,390.40 1 1
github.com/sirosfoundation/goff/internal/pipeline/engine.go:393.2,394.9 2 1
github.com/sirosfoundation/goff/internal/pipeline/engine.go:394.9,396.3 1 1
github.com/sirosfoundation/goff/internal/pipeline/engine.go:397.2,397.21 1 1
github.com/sirosfoundation/goff/internal/pipeline/engine.go:397.21,399.3 1 0
github.com/sirosfoundation/goff/internal/pipeline/engine.go:401.2,402.26 2 1
github.com/sirosfoundation/goff/internal/pipeline/engine.go:402.26,403.42 1 1
github.com/sirosfoundation/goff/internal/pipeline/engine.go:403.42,405.4 1 1
github.com/sirosfoundation/goff/internal/pipeline/engine.go:407.2,407.32 1 1
github.com/sirosfoundation/goff/internal/pipeline/engine.go:410.90,411.15 1 1
github.com/sirosfoundation/goff/internal/pipeline/engine.go:411.15,412.23 1 1
github.com/sirosfoundation/goff/internal/pipeline/engine.go:412.23,415.4 2 1
github.com/sirosfoundation/goff/internal/pipeline/engine.go:417.2,418.18 2 1
github.com/sirosfoundation/goff/internal/pipeline/engine.go:421.104,423.56 2 1
github.com/sirosfoundation/goff/internal/pipeline/engine.go:423.56,425.3 1 0
github.com/sirosfoundation/goff/internal/pipeline/engine.go:426.2,427.21 2 1
github.com/sirosfoundation/goff/internal/pipeline/engine.go:427.21,429.3 1 0
github.com/sirosfoundation/goff/internal/pipeline/engine.go:430.2,431.30 2 1
github.com/sirosfoundation/goff/internal/pipeline/engine.go:431.30,432.57 1 1
github.com/sirosfoundation/goff/internal/pipeline/engine.go:432.57,434.4 1 1
github.com/sirosfoundation/goff/internal/pipeline/engine.go:436.2,436.32 1 1
github.com/sirosfoundation/goff/internal/pipeline/engine.go:439.43,442.42 3 1
github.com/sirosfoundation/goff/internal/pipeline/engine.go:442.42,444.3 1 0
github.com/sirosfoundation/goff/internal/pipeline/engine.go:445.2,445.46 1 1
github.com/sirosfoundation/goff/internal/pipeline/engine.go:448.92,450.23 2 1
github.com/sirosfoundation/goff/internal/pipeline/engine.go:450.23,452.3 1 0
github.com/sirosfoundation/goff/internal/pipeline/engine.go:454.2,454.33 1 1
github.com/sirosfoundation/goff/internal/pipeline/engine.go:454.33,456.25 2 1
github.com/sirosfoundation/goff/internal/pipeline/engine.go:456.25,457.12 1 0
github.com/sirosfoundation/goff/internal/pipeline/engine.go:460.3,461.33 2 1
github.com/sirosfoundation/goff/internal/pipeline/engine.go:461.33,462.67 1 1
github.com/sirosfoundation/goff/internal/pipeline/engine.go:462.67,464.10 2 1
github.com/sirosfoundation/goff/internal/pipeline/engine.go:468.3,468.14 1 1
github.com/sirosfoundation/goff/internal/pipeline/engine.go:468.14,470.4 1 1
github.com/sirosfoundation/goff/internal/pipeline/engine.go:473.2,473.14 1 1
github.com/sirosfoundation/goff/internal/pipeline/engine.go:476.60,478.6 2 1
github.com/sirosfoundation/goff/internal/pipeline/engine.go:478.6,480.12 2 1
github.com/sirosfoundation/goff/internal/pipeline/engine.go:480.12,481.45 1 1
github.com/sirosfoundation/goff/internal/pipeline/engine.go:481.45,483.5 1 1
github.com/sirosfoundation/goff/internal/pipeline/engine.go:484.4,484.9 1 1
github.com/sirosfoundation/goff/internal/pipeline/engine.go:486.3,486.48 1 1
github.com/sirosfoundation/goff/internal/pipeline/engine.go:486.48,488.4 1 1
github.com/sirosfoundation/goff/internal/pipeline/engine.go:489.3,489.27 1 1
github.com/sirosfoundation/goff/internal/pipeline/engine.go:491.2,491.14 1 1
github.com/sirosfoundation/goff/internal/pipeline/engine.go:494.82,496.16 2 1
github.com/sirosfoundation/goff/internal/pipeline/engine.go:496.16,498.3 1 0
github.com/sirosfoundation/goff/internal/pipeline/engine.go:500.2,500.14 1 1
github.com/sirosfoundation/goff/internal/pipeline/engine.go:501.29,502.29 1 1
github.com/sirosfoundation/goff/internal/pipeline/engine.go:503.28,504.28 1 0
github.com/sirosfoundation/goff/internal/pipeline/engine.go:505.41,506.28 1 0
github.com/sirosfoundation/goff/internal/pipeline/engine.go:507.37,508.31 1 0
github.com/sirosfoundation/goff/internal/pipeline/engine.go:509.26,510.29 1 0
github.com/sirosfoundation/goff/internal/pipeline/engine.go:513.2,513.43 1 1
github.com/sirosfoundation/goff/internal/pipeline/engine.go:513.43,514.37 1 1
github.com/sirosfoundation/goff/internal/pipeline/engine.go:514.37,516.4 1 1
github.com/sirosfoundation/goff/internal/pipeline/engine.go:519.2,519.72 1 1
github.com/sirosfoundation/goff/internal/pipeline/engine.go:519.72,520.37 1 1
github.com/sirosfoundation/goff/internal/pipeline/engine.go:520.37,522.4 1 1
github.com/sirosfoundation/goff/internal/pipeline/engine.go:525.2,525.92 1 1
github.com/sirosfoundation/goff/internal/pipeline/engine.go:525.92,526.61 1 1
github.com/sirosfoundation/goff/internal/pipeline/engine.go:526.61,528.4 1 1
github.com/sirosfoundation/goff/internal/pipeline/engine.go:531.2,531.59 1 0
github.com/sirosfoundation/goff/internal/pipeline/engine.go:531.59,533.10 2 0
github.com/sirosfoundation/goff/internal/pipeline/engine.go:533.10,535.4 1 0
github.com/sirosfoundation/goff/internal/pipeline/engine.go:536.3,536.39 1 0
github.com/sirosfoundation/goff/internal/pipeline/engine.go:539.2,539.14 1 0
github.com/sirosfoundation/goff/internal/pipeline/engine.go:542.43,544.15 2 1
github.com/sirosfoundation/goff/internal/pipeline/engine.go:544.15,546.3 1 0
github.com/sirosfoundation/goff/internal/pipeline/engine.go:547.2,549.13 3 1
github.com/sirosfoundation/goff/internal/pipeline/engine.go:549.13,551.3 1 0
github.com/sirosfoundation/goff/internal/pipeline/engine.go:552.2,552.39 1 1
github.com/sirosfoundation/goff/internal/pipeline/engine.go:555.63,557.11 2 1
github.com/sirosfoundation/goff/internal/pipeline/engine.go:557.11,559.3 1 0
github.com/sirosfoundation/goff/internal/pipeline/engine.go:560.2,560.39 1 1
github.com/sirosfoundation/goff/internal/pipeline/engine.go:563.48,564.43 1 1
github.com/sirosfoundation/goff/internal/pipeline/engine.go:564.43,566.79 2 1
github.com/sirosfoundation/goff/internal/pipeline/engine.go:566.79,568.4 1 1
github.com/sirosfoundation/goff/internal/pipeline/engine.go:570.2,570.11 1 0
github.com/sirosfoundation/goff/internal/pipeline/engine.go:573.196,575.15 2 1
github.com/sirosfoundation/goff/internal/pipeline/engine.go:575.15,577.3 1 0
github.com/sirosfoundation/goff/internal/pipeline/engine.go:579.2,581.32 3 1
github.com/sirosfoundation/goff/internal/pipeline/engine.go:581.32,583.22 2 0
github.com/sirosfoundation/goff/internal/pipeline/engine.go:583.22,585.4 1 0
github.com/sirosfoundation/goff/internal/pipeline/engine.go:586.3,587.38 2 0
github.com/sirosfoundation/goff/internal/pipeline/engine.go:588.8,588.40 1 1
github.com/sirosfoundation/goff/internal/pipeline/engine.go:588.40,590.36 2 1
github.com/sirosfoundation/goff/internal/pipeline/engine.go:590.36,592.4 1 0
github.com/sirosfoundation/goff/internal/pipeline/engine.go:593.3,594.41 2 1
github.com/sirosfoundation/goff/internal/pipeline/engine.go:595.8,597.3 1 1
github.com/sirosfoundation/goff/internal/pipeline/engine.go:599.2,599.31 1 1
github.com/sirosfoundation/goff/internal/pipeline/engine.go:599.31,601.3 1 0
github.com/sirosfoundation/goff/internal/pipeline/engine.go:603.2,605.19 3 1
github.com/sirosfoundation/goff/internal/pipeline/engine.go:605.19,606.39 1 0
github.com/sirosfoundation/goff/internal/pipeline/engine.go:606.39,608.4 1 0
github.com/sirosfoundation/goff/internal/pipeline/engine.go:609.3,611.40 3 0
github.com/sirosfoundation/goff/internal/pipeline/engine.go:611.40,612.32 1 0
github.com/sirosfoundation/goff/internal/pipeline/engine.go:612.32,614.5 1 0
github.com/sirosfoundation/goff/internal/pipeline/engine.go:618.2,619.25 2 1
github.com/sirosfoundation/goff/internal/pipeline/engine.go:619.25,621.10 2 1
github.com/sirosfoundation/goff/internal/pipeline/engine.go:621.10,622.12 1 0
github.com/sirosfoundation/goff/internal/pipeline/engine.go:625.3,625.15 1 1
github.com/sirosfoundation/goff/internal/pipeline/engine.go:626.95,627.74 1 0
github.com/sirosfoundation/goff/internal/pipeline/engine.go:627.74,629.5 1 0
github.com/sirosfoundation/goff/internal/pipeline/engine.go:630.119,631.28 1 1
github.com/sirosfoundation/goff/internal/pipeline/engine.go:631.28,633.5 1 1
github.com/sirosfoundation/goff/internal/pipeline/engine.go:637.2,637.32 1 1
github.com/sirosfoundation/goff/internal/pipeline/engine.go:640.268,642.16 2 1
github.com/sirosfoundation/goff/internal/pipeline/engine.go:642.16,644.3 1 1
github.com/sirosfoundation/goff/internal/pipeline/engine.go:646.2,647.23 2 1
github.com/sirosfoundation/goff/internal/pipeline/engine.go:647.23,649.3 1 0
github.com/sirosfoundation/goff/internal/pipeline/engine.go:651.2,652.33 2 1
github.com/sirosfoundation/goff/internal/pipeline/engine.go:652.33,654.10 2 1
github.com/sirosfoundation/goff/internal/pipeline/engine.go:654.10,656.12 2 0
github.com/sirosfoundation/goff/internal/pipeline/engine.go:658.3,658.28 1 1
github.com/sirosfoundation/goff/internal/pipeline/engine.go:661.2,661.38 1 1
github.com/sirosfoundation/goff/internal/pipeline/engine.go:664.43,667.29 3 1
github.com/sirosfoundation/goff/internal/pipeline/engine.go:667.29,669.49 2 1
github.com/sirosfoundation/goff/internal/pipeline/engine.go:669.49,670.12 1 1
github.com/sirosfoundation/goff/internal/pipeline/engine.go:672.3,672.26 1 1
github.com/sirosfoundation/goff/internal/pipeline/engine.go:674.2,674.12 1 1
github.com/sirosfoundation/goff/internal/pipeline/engine.go:677.84,679.35 2 1
github.com/sirosfoundation/goff/internal/pipeline/engine.go:679.35,681.3 1 1
github.com/sirosfoundation/goff/internal/pipeline/engine.go:682.2,682.32 1 1
github.com/sirosfoundation/goff/internal/pipeline/engine.go:685.99,686.20 1 1
github.com/sirosfoundation/goff/internal/pipeline/engine.go:686.20,688.3 1 0
github.com/sirosfoundation/goff/internal/pipeline/engine.go:689.2,689.40 1 1
github.com/sirosfoundation/goff/internal/pipeline/engine.go:689.40,691.3 1 1
github.com/sirosfoundation/goff/internal/pipeline/engine.go:692.2,692.32 1 1
github.com/sirosfoundation/goff/internal/pipeline/engine.go:692.32,693.37 1 1
github.com/sirosfoundation/goff/internal/pipeline/engine.go:693.37,695.4 1 1
github.com/sirosfoundation/goff/internal/pipeline/engine.go:697.2,697.14 1 1
github.com/sirosfoundation/goff/internal/pipeline/engine.go:700.79,701.23 1 1
github.com/sirosfoundation/goff/internal/pipeline/engine.go:701.23,703.3 1 0
github.com/sirosfoundation/goff/internal/pipeline/engine.go:705.2,705.42 1 1
github.com/sirosfoundation/goff/internal/pipeline/engine.go:705.42,709.3 3 1
github.com/sirosfoundation/goff/internal/pipeline/engine.go:711.2,716.29 3 1
github.com/sirosfoundation/goff/internal/pipeline/engine.go:716.29,718.3 1 1
github.com/sirosfoundation/goff/internal/pipeline/engine.go:720.2,720.46 1 1
github.com/sirosfoundation/goff/internal/pipeline/engine.go:720.46,723.15 3 1
github.com/sirosfoundation/goff/internal/pipeline/engine.go:723.15,724.10 1 0
github.com/sirosfoundation/goff/internal/pipeline/engine.go:724.10,726.5 1 0
github.com/sirosfoundation/goff/internal/pipeline/engine.go:727.4,727.13 1 0
github.com/sirosfoundation/goff/internal/pipeline/engine.go:729.3,729.21 1 1
github.com/sirosfoundation/goff/internal/pipeline/engine.go:729.21,730.19 1 1
github.com/sirosfoundation/goff/internal/pipeline/engine.go:730.19,732.5 1 1
github.com/sirosfoundation/goff/internal/pipeline/engine.go:733.4,733.19 1 0
github.com/sirosfoundation/goff/internal/pipeline/engine.go:733.19,735.5 1 0
github.com/sirosfoundation/goff/internal/pipeline/engine.go:736.4,736.12 1 0
github.com/sirosfoundation/goff/internal/pipeline/engine.go:738.3,738.20 1 1
github.com/sirosfoundation/goff/internal/pipeline/engine.go:738.20,740.4 1 1
github.com/sirosfoundation/goff/internal/pipeline/engine.go:741.3,741.11 1 0
github.com/sirosfoundation/goff/internal/pipeline/engine.go:744.2,745.29 2 1
github.com/sirosfoundation/goff/internal/pipeline/engine.go:745.29,747.3 1 1
github.com/sirosfoundation/goff/internal/pipeline/engine.go:748.2,748.12 1 1
github.com/sirosfoundation/goff/internal/pipeline/engine.go:751.82,752.38 1 1
github.com/sirosfoundation/goff/internal/pipeline/engine.go:752.38,754.3 1 0
github.com/sirosfoundation/goff/internal/pipeline/engine.go:755.2,755.38 1 1
github.com/sirosfoundation/goff/internal/pipeline/engine.go:755.38,757.3 1 1
github.com/sirosfoundation/goff/internal/pipeline/engine.go:759.2,760.73 2 1
github.com/sirosfoundation/goff/internal/pipeline/engine.go:760.73,762.3 1 0
github.com/sirosfoundation/goff/internal/pipeline/engine.go:764.2,764.47 1 1
github.com/sirosfoundation/goff/internal/pipeline/engine.go:764.47,766.3 1 0
github.com/sirosfoundation/goff/internal/pipeline/engine.go:768.2,769.28 2 1
github.com/sirosfoundation/goff/internal/pipeline/engine.go:769.28,771.3 1 0
github.com/sirosfoundation/goff/internal/pipeline/engine.go:772.2,773.20 2 1
github.com/sirosfoundation/goff/internal/pipeline/engine.go:773.20,775.3 1 1
github.com/sirosfoundation/goff/internal/pipeline/engine.go:776.2,776.61 1 0
github.com/sirosfoundation/goff/internal/pipeline/engine.go:779.71,780.23 1 1
github.com/sirosfoundation/goff/internal/pipeline/engine.go:780.23,782.3 1 0
github.com/sirosfoundation/goff/internal/pipeline/engine.go:783.2,783.25 1 1
github.com/sirosfoundation/goff/internal/pipeline/engine.go:783.25,785.3 1 0
github.com/sirosfoundation/goff/internal/pipeline/engine.go:786.2,787.28 2 1
github.com/sirosfoundation/goff/internal/pipeline/engine.go:787.28,788.36 1 1
github.com/sirosfoundation/goff/internal/pipeline/engine.go:788.36,790.4 1 1
github.com/sirosfoundation/goff/internal/pipeline/engine.go:792.2,792.12 1 1
github.com/sirosfoundation/goff/internal/pipeline/engine.go:795.94,797.25 2 1
github.com/sirosfoundation/goff/internal/pipeline/engine.go:797.25,798.29 1 1
github.com/sirosfoundation/goff/internal/pipeline/engine.go:798.29,800.4 1 1
github.com/sirosfoundation/goff/internal/pipeline/engine.go:802.2,802.12 1 1
github.com/sirosfoundation/goff/internal/pipeline/engine.go:805.76,807.25 2 1
github.com/sirosfoundation/goff/internal/pipeline/engine.go:807.25,808.28 1 1
github.com/sirosfoundation/goff/internal/pipeline/engine.go:808.28,810.4 1 1
github.com/sirosfoundation/goff/internal/pipeline/engine.go:812.2,812.12 1 1
github.com/sirosfoundation/goff/internal/pipeline/engine.go:815.52,817.20 2 1
github.com/sirosfoundation/goff/internal/pipeline/engine.go:817.20,819.3 1 1
github.com/sirosfoundation/goff/internal/pipeline/engine.go:820.2,820.30 1 1
github.com/sirosfoundation/goff/internal/pipeline/engine.go:820.30,821.39 1 1
github.com/sirosfoundation/goff/internal/pipeline/engine.go:821.39,823.4 1 1
github.com/sirosfoundation/goff/internal/pipeline/engine.go:825.2,825.34 1 1
github.com/sirosfoundation/goff/internal/pipeline/engine.go:828.82,829.24 1 1
github.com/sirosfoundation/goff/internal/pipeline/engine.go:829.24,831.3 1 1
github.com/sirosfoundation/goff/internal/pipeline/engine.go:833.2,833.19 1 1
github.com/sirosfoundation/goff/internal/pipeline/engine.go:834.13,835.33 1 1
github.com/sirosfoundation/goff/internal/pipeline/engine.go:835.33,836.27 1 1
github.com/sirosfoundation/goff/internal/pipeline/engine.go:836.27,838.5 1 1
github.com/sirosfoundation/goff/internal/pipeline/engine.go:840.3,840.14 1 1
github.com/sirosfoundation/goff/internal/pipeline/engine.go:841.10,842.33 1 1
github.com/sirosfoundation/goff/internal/pipeline/engine.go:842.33,843.26 1 1
github.com/sirosfoundation/goff/internal/pipeline/engine.go:843.26,845.5 1 1
github.com/sirosfoundation/goff/internal/pipeline/engine.go:847.3,847.15 1 1
github.com/sirosfoundation/goff/internal/pipeline/engine.go:851.57,853.55 2 1
github.com/sirosfoundation/goff/internal/pipeline/engine.go:853.55,855.3 1 1
github.com/sirosfoundation/goff/internal/pipeline/engine.go:856.2,856.41 1 1
github.com/sirosfoundation/goff/internal/pipeline/engine.go:856.41,857.41 1 0
github.com/sirosfoundation/goff/internal/pipeline/engine.go:857.41,859.4 1 0
github.com/sirosfoundation/goff/internal/pipeline/engine.go:861.2,861.33 1 1
github.com/sirosfoundation/goff/internal/pipeline/engine.go:864.87,865.24 1 1
github.com/sirosfoundation/goff/internal/pipeline/engine.go:865.24,867.3 1 1
github.com/sirosfoundation/goff/internal/pipeline/engine.go:869.2,869.19 1 1
github.com/sirosfoundation/goff/internal/pipeline/engine.go:870.13,871.32 1 0
github.com/sirosfoundation/goff/internal/pipeline/engine.go:871.32,872.30 1 0
github.com/sirosfoundation/goff/internal/pipeline/engine.go:872.30,874.5 1 0
github.com/sirosfoundation/goff/internal/pipeline/engine.go:876.3,876.14 1 0
github.com/sirosfoundation/goff/internal/pipeline/engine.go:877.10,878.32 1 1
github.com/sirosfoundation/goff/internal/pipeline/engine.go:878.32,879.29 1 1
github.com/sirosfoundation/goff/internal/pipeline/engine.go:879.29,881.5 1 1
github.com/sirosfoundation/goff/internal/pipeline/engine.go:883.3,883.15 1 1
github.com/sirosfoundation/goff/internal/pipeline/engine.go:887.39,889.2 1 1
github.com/sirosfoundation/goff/internal/pipeline/engine.go:891.77,893.27 2 1
github.com/sirosfoundation/goff/internal/pipeline/engine.go:893.27,895.3 1 1
github.com/sirosfoundation/goff/internal/pipeline/engine.go:896.2,896.12 1 1
github.com/sirosfoundation/goff/internal/pipeline/engine.go:899.61,901.27 2 1
github.com/sirosfoundation/goff/internal/pipeline/engine.go:901.27,903.3 1 1
github.com/sirosfoundation/goff/internal/pipeline/engine.go:904.2,904.12 1 1
github.com/sirosfoundation/goff/internal/pipeline/engine.go:907.140,909.32 2 1
github.com/sirosfoundation/goff/internal/pipeline/engine.go:909.32,910.31 1 1
github.com/sirosfoundation/goff/internal/pipeline/engine.go:910.31,912.4 1 1
github.com/sirosfoundation/goff/internal/pipeline/engine.go:914.2,914.12 1 1
github.com/sirosfoundation/goff/internal/pipeline/engine.go:917.108,919.31 2 1
github.com/sirosfoundation/goff/internal/pipeline/engine.go:919.31,920.29 1 1
github.com/sirosfoundation/goff/internal/pipeline/engine.go:920.29,922.4 1 1
github.com/sirosfoundation/goff/internal/pipeline/engine.go:924.2,924.12 1 1
github.com/sirosfoundation/goff/internal/pipeline/engine.go:927.60,928.19 1 1
github.com/sirosfoundation/goff/internal/pipeline/engine.go:928.19,930.3 1 1
github.com/sirosfoundation/goff/internal/pipeline/engine.go:932.2,933.29 2 1
github.com/sirosfoundation/goff/internal/pipeline/engine.go:933.29,934.35 1 0
github.com/sirosfoundation/goff/internal/pipeline/engine.go:934.35,935.12 1 0
github.com/sirosfoundation/goff/internal/pipeline/engine.go:937.3,937.42 1 0
github.com/sirosfoundation/goff/internal/pipeline/engine.go:939.2,940.12 2 1
github.com/sirosfoundation/goff/internal/pipeline/engine.go:943.146,944.22 1 1
github.com/sirosfoundation/goff/internal/pipeline/engine.go:944.22,946.3 1 0
github.com/sirosfoundation/goff/internal/pipeline/engine.go:948.2,948.54 1 1
github.com/sirosfoundation/goff/internal/pipeline/engine.go:948.54,950.3 1 0
github.com/sirosfoundation/goff/internal/pipeline/engine.go:952.2,955.16 3 1
github.com/sirosfoundation/goff/internal/pipeline/engine.go:955.16,957.3 1 1
github.com/sirosfoundation/goff/internal/pipeline/engine.go:959.2,959.56 1 1
github.com/sirosfoundation/goff/internal/pipeline/engine.go:959.56,961.3 1 0
github.com/sirosfoundation/goff/internal/pipeline/engine.go:963.2,963.12 1 1
github.com/sirosfoundation/goff/internal/pipeline/engine.go:966.136,967.54 1 1
github.com/sirosfoundation/goff/internal/pipeline/engine.go:967.54,970.33 3 1
github.com/sirosfoundation/goff/internal/pipeline/engine.go:970.33,972.4 1 1
github.com/sirosfoundation/goff/internal/pipeline/engine.go:972.9,974.4 1 1
github.com/sirosfoundation/goff/internal/pipeline/engine.go:975.3,975.17 1 1
github.com/sirosfoundation/goff/internal/pipeline/engine.go:975.17,977.4 1 0
github.com/sirosfoundation/goff/internal/pipeline/engine.go:979.3,979.71 1 1
github.com/sirosfoundation/goff/internal/pipeline/engine.go:979.71,980.26 1 1
github.com/sirosfoundation/goff/internal/pipeline/engine.go:980.26,982.5 1 1
github.com/sirosfoundation/goff/internal/pipeline/engine.go:983.4,983.50 1 1
github.com/sirosfoundation/goff/internal/pipeline/engine.go:983.50,985.5 1 1
github.com/sirosfoundation/goff/internal/pipeline/engine.go:986.4,987.18 2 1
github.com/sirosfoundation/goff/internal/pipeline/engine.go:987.18,989.5 1 0
github.com/sirosfoundation/goff/internal/pipeline/engine.go:992.3,992.27 1 1
github.com/sirosfoundation/goff/internal/pipeline/engine.go:992.27,993.58 1 1
github.com/sirosfoundation/goff/internal/pipeline/engine.go:993.58,995.5 1 1
github.com/sirosfoundation/goff/internal/pipeline/engine.go:998.3,998.16 1 1
github.com/sirosfoundation/goff/internal/pipeline/engine.go:1001.2,1002.16 2 1
github.com/sirosfoundation/goff/internal/pipeline/engine.go:1002.16,1004.3 1 1
github.com/sirosfoundation/goff/internal/pipeline/engine.go:1005.2,1005.26 1 1
github.com/sirosfoundation/goff/internal/pipeline/engine.go:1021.76,1030.29 2 1
github.com/sirosfoundation/goff/internal/pipeline/engine.go:1030.29,1032.3 1 1
github.com/sirosfoundation/goff/internal/pipeline/engine.go:1034.2,1035.16 2 1
github.com/sirosfoundation/goff/internal/pipeline/engine.go:1035.16,1037.3 1 0
github.com/sirosfoundation/goff/internal/pipeline/engine.go:1039.2,1043.25 5 1
github.com/sirosfoundation/goff/internal/pipeline/engine.go:1046.55,1055.16 4 1
github.com/sirosfoundation/goff/internal/pipeline/engine.go:1055.16,1057.3 1 0
github.com/sirosfoundation/goff/internal/pipeline/engine.go:1059.2,1063.25 5 1
github.com/sirosfoundation/goff/internal/pipeline/engine.go:1066.33,1069.2 2 1
github.com/sirosfoundation/goff/internal/pipeline/engine.go:1071.32,1072.29 1 1
github.com/sirosfoundation/goff/internal/pipeline/engine.go:1072.29,1074.3 1 1
github.com/sirosfoundation/goff/internal/pipeline/engine.go:1077.32,1078.29 1 1
github.com/sirosfoundation/goff/internal/pipeline/engine.go:1078.29,1080.3 1 1
github.com/sirosfoundation/goff/internal/pipeline/engine.go:1083.76,1085.13 2 1
github.com/sirosfoundation/goff/internal/pipeline/engine.go:1085.13,1087.3 1 0
github.com/sirosfoundation/goff/internal/pipeline/engine.go:1089.2,1089.37 1 1
github.com/sirosfoundation/goff/internal/pipeline/engine.go:1089.37,1090.34 1 1
github.com/sirosfoundation/goff/internal/pipeline/engine.go:1090.34,1092.36 2 1
github.com/sirosfoundation/goff/internal/pipeline/engine.go:1092.36,1094.5 1 1
github.com/sirosfoundation/goff/internal/pipeline/engine.go:1098.2,1098.52 1 1
github.com/sirosfoundation/goff/internal/pipeline/engine.go:1098.52,1100.3 1 0
github.com/sirosfoundation/goff/internal/pipeline/engine.go:1101.2,1101.37 1 1
github.com/sirosfoundation/goff/internal/pipeline/engine.go:1101.37,1102.33 1 1
github.com/sirosfoundation/goff/internal/pipeline/engine.go:1102.33,1104.4 1 1
github.com/sirosfoundation/goff/internal/pipeline/engine.go:1106.2,1106.14 1 1
github.com/sirosfoundation/goff/internal/pipeline/metadata_load.go:32.52,34.25 2 1
github.com/sirosfoundation/goff/internal/pipeline/metadata_load.go:34.25,36.3 1 1
github.com/sirosfoundation/goff/internal/pipeline/metadata_load.go:37.2,38.30 2 1
github.com/sirosfoundation/goff/internal/pipeline/metadata_load.go:38.30,40.3 1 1
github.com/sirosfoundation/goff/internal/pipeline/metadata_load.go:41.2,42.30 2 1
github.com/sirosfoundation/goff/internal/pipeline/metadata_load.go:42.30,44.3 1 1
github.com/sirosfoundation/goff/internal/pipeline/metadata_load.go:45.2,46.28 2 1
github.com/sirosfoundation/goff/internal/pipeline/metadata_load.go:46.28,48.3 1 1
github.com/sirosfoundation/goff/internal/pipeline/metadata_load.go:49.2,49.153 1 1
github.com/sirosfoundation/goff/internal/pipeline/metadata_load.go:52.53,55.2 2 1
github.com/sirosfoundation/goff/internal/pipeline/metadata_load.go:57.49,59.13 2 1
github.com/sirosfoundation/goff/internal/pipeline/metadata_load.go:59.13,61.3 1 0
github.com/sirosfoundation/goff/internal/pipeline/metadata_load.go:62.2,62.20 1 1
github.com/sirosfoundation/goff/internal/pipeline/metadata_load.go:62.20,64.3 1 0
github.com/sirosfoundation/goff/internal/pipeline/metadata_load.go:65.2,65.25 1 1
github.com/sirosfoundation/goff/internal/pipeline/metadata_load.go:68.56,71.2 2 1
github.com/sirosfoundation/goff/internal/pipeline/metadata_load.go:73.52,75.13 2 1
github.com/sirosfoundation/goff/internal/pipeline/metadata_load.go:75.13,77.3 1 0
github.com/sirosfoundation/goff/internal/pipeline/metadata_load.go:78.2,78.25 1 1
github.com/sirosfoundation/goff/internal/pipeline/metadata_load.go:78.25,80.3 1 0
github.com/sirosfoundation/goff/internal/pipeline/metadata_load.go:81.2,81.30 1 1
github.com/sirosfoundation/goff/internal/pipeline/metadata_load.go:84.51,86.13 2 1
github.com/sirosfoundation/goff/internal/pipeline/metadata_load.go:86.13,88.3 1 0
github.com/sirosfoundation/goff/internal/pipeline/metadata_load.go:89.2,89.25 1 1
github.com/sirosfoundation/goff/internal/pipeline/metadata_load.go:89.25,91.3 1 0
github.com/sirosfoundation/goff/internal/pipeline/metadata_load.go:92.2,92.30 1 1
github.com/sirosfoundation/goff/internal/pipeline/metadata_load.go:95.48,97.13 2 1
github.com/sirosfoundation/goff/internal/pipeline/metadata_load.go:97.13,99.3 1 1
github.com/sirosfoundation/goff/internal/pipeline/metadata_load.go:100.2,100.47 1 1
github.com/sirosfoundation/goff/internal/pipeline/metadata_load.go:100.47,101.38 1 1
github.com/sirosfoundation/goff/internal/pipeline/metadata_load.go:101.38,103.4 1 1
github.com/sirosfoundation/goff/internal/pipeline/metadata_load.go:104.3,104.31 1 1
github.com/sirosfoundation/goff/internal/pipeline/metadata_load.go:104.31,106.4 1 1
github.com/sirosfoundation/goff/internal/pipeline/metadata_load.go:106.9,108.4 1 1
github.com/sirosfoundation/goff/internal/pipeline/metadata_load.go:110.2,110.22 1 1
github.com/sirosfoundation/goff/internal/pipeline/metadata_load.go:110.22,112.3 1 1
github.com/sirosfoundation/goff/internal/pipeline/metadata_load.go:113.2,113.27 1 1
github.com/sirosfoundation/goff/internal/pipeline/metadata_load.go:116.53,120.34 3 1
github.com/sirosfoundation/goff/internal/pipeline/metadata_load.go:120.34,121.15 1 1
github.com/sirosfoundation/goff/internal/pipeline/metadata_load.go:121.15,122.12 1 0
github.com/sirosfoundation/goff/internal/pipeline/metadata_load.go:124.3,124.168 1 1
github.com/sirosfoundation/goff/internal/pipeline/metadata_load.go:127.2,127.33 1 1
github.com/sirosfoundation/goff/internal/pipeline/metadata_load.go:127.33,129.17 2 1
github.com/sirosfoundation/goff/internal/pipeline/metadata_load.go:129.17,131.4 1 0
github.com/sirosfoundation/goff/internal/pipeline/metadata_load.go:132.3,133.17 2 1
github.com/sirosfoundation/goff/internal/pipeline/metadata_load.go:133.17,135.4 1 1
github.com/sirosfoundation/goff/internal/pipeline/metadata_load.go:136.3,137.17 2 1
github.com/sirosfoundation/goff/internal/pipeline/metadata_load.go:137.17,139.4 1 0
github.com/sirosfoundation/goff/internal/pipeline/metadata_load.go:140.3,141.37 2 1
github.com/sirosfoundation/goff/internal/pipeline/metadata_load.go:144.2,144.29 1 1
github.com/sirosfoundation/goff/internal/pipeline/metadata_load.go:144.29,146.17 2 1
github.com/sirosfoundation/goff/internal/pipeline/metadata_load.go:146.17,148.4 1 1
github.com/sirosfoundation/goff/internal/pipeline/metadata_load.go:149.3,150.17 2 1
github.com/sirosfoundation/goff/internal/pipeline/metadata_load.go:150.17,152.4 1 0
github.com/sirosfoundation/goff/internal/pipeline/metadata_load.go:153.3,154.17 2 1
github.com/sirosfoundation/goff/internal/pipeline/metadata_load.go:154.17,156.4 1 0
github.com/sirosfoundation/goff/internal/pipeline/metadata_load.go:157.3,158.37 2 1
github.com/sirosfoundation/goff/internal/pipeline/metadata_load.go:161.2,162.29 2 1
github.com/sirosfoundation/goff/internal/pipeline/metadata_load.go:162.29,164.3 1 1
github.com/sirosfoundation/goff/internal/pipeline/metadata_load.go:165.2,167.86 2 1
github.com/sirosfoundation/goff/internal/pipeline/metadata_load.go:170.62,172.45 2 1
github.com/sirosfoundation/goff/internal/pipeline/metadata_load.go:172.45,174.3 1 0
github.com/sirosfoundation/goff/internal/pipeline/metadata_load.go:175.2,175.23 1 1
github.com/sirosfoundation/goff/internal/pipeline/metadata_load.go:175.23,177.3 1 0
github.com/sirosfoundation/goff/internal/pipeline/metadata_load.go:179.2,180.62 2 1
github.com/sirosfoundation/goff/internal/pipeline/metadata_load.go:180.62,182.15 2 1
github.com/sirosfoundation/goff/internal/pipeline/metadata_load.go:182.15,183.12 1 0
github.com/sirosfoundation/goff/internal/pipeline/metadata_load.go:185.3,188.17 4 1
github.com/sirosfoundation/goff/internal/pipeline/metadata_load.go:188.17,190.4 1 0
github.com/sirosfoundation/goff/internal/pipeline/metadata_load.go:191.3,191.17 1 1
github.com/sirosfoundation/goff/internal/pipeline/metadata_load.go:194.2,194.59 1 1
github.com/sirosfoundation/goff/internal/pipeline/metadata_load.go:194.59,196.15 2 1
github.com/sirosfoundation/goff/internal/pipeline/metadata_load.go:196.15,197.12 1 0
github.com/sirosfoundation/goff/internal/pipeline/metadata_load.go:199.3,199.27 1 1
github.com/sirosfoundation/goff/internal/pipeline/metadata_load.go:199.27,200.12 1 1
github.com/sirosfoundation/goff/internal/pipeline/metadata_load.go:202.3,205.17 4 0
github.com/sirosfoundation/goff/internal/pipeline/metadata_load.go:205.17,207.4 1 0
github.com/sirosfoundation/goff/internal/pipeline/metadata_load.go:208.3,208.17 1 0
github.com/sirosfoundation/goff/internal/pipeline/metadata_load.go:211.2,211.17 1 1
github.com/sirosfoundation/goff/internal/pipeline/metadata_load.go:214.67,215.28 1 1
github.com/sirosfoundation/goff/internal/pipeline/metadata_load.go:215.28,217.3 1 1
github.com/sirosfoundation/goff/internal/pipeline/metadata_load.go:220.41,223.16 3 1
github.com/sirosfoundation/goff/internal/pipeline/metadata_load.go:223.16,225.3 1 1
github.com/sirosfoundation/goff/internal/pipeline/metadata_load.go:226.2,228.86 2 1
github.com/sirosfoundation/goff/internal/pipeline/metadata_load.go:228.86,230.3 1 1
github.com/sirosfoundation/goff/internal/pipeline/metadata_load.go:232.2,233.16 2 1
github.com/sirosfoundation/goff/internal/pipeline/metadata_load.go:233.16,235.3 1 0
github.com/sirosfoundation/goff/internal/pipeline/metadata_load.go:236.2,236.15 1 1
github.com/sirosfoundation/goff/internal/pipeline/metadata_load.go:239.74,253.6 13 1
github.com/sirosfoundation/goff/internal/pipeline/metadata_load.go:253.6,255.20 2 1
github.com/sirosfoundation/goff/internal/pipeline/metadata_load.go:255.20,256.9 1 1
github.com/sirosfoundation/goff/internal/pipeline/metadata_load.go:258.3,258.17 1 1
github.com/sirosfoundation/goff/internal/pipeline/metadata_load.go:258.17,260.4 1 1
github.com/sirosfoundation/goff/internal/pipeline/metadata_load.go:262.3,262.26 1 1
github.com/sirosfoundation/goff/internal/pipeline/metadata_load.go:263.25,265.17 2 1
github.com/sirosfoundation/goff/internal/pipeline/metadata_load.go:265.17,267.83 2 1
github.com/sirosfoundation/goff/internal/pipeline/metadata_load.go:267.83,269.6 1 0
github.com/sirosfoundation/goff/internal/pipeline/metadata_load.go:272.4,272.42 1 1
github.com/sirosfoundation/goff/internal/pipeline/metadata_load.go:272.42,274.12 2 1
github.com/sirosfoundation/goff/internal/pipeline/metadata_load.go:274.12,276.6 1 1
github.com/sirosfoundation/goff/internal/pipeline/metadata_load.go:277.5,282.13 6 1
github.com/sirosfoundation/goff/internal/pipeline/metadata_load.go:285.4,285.16 1 1
github.com/sirosfoundation/goff/internal/pipeline/metadata_load.go:285.16,286.53 1 1
github.com/sirosfoundation/goff/internal/pipeline/metadata_load.go:286.53,288.14 2 1
github.com/sirosfoundation/goff/internal/pipeline/metadata_load.go:291.5,291.43 1 1
github.com/sirosfoundation/goff/internal/pipeline/metadata_load.go:291.43,292.69 1 1
github.com/sirosfoundation/goff/internal/pipeline/metadata_load.go:292.69,294.7 1 1
github.com/sirosfoundation/goff/internal/pipeline/metadata_load.go:295.6,295.14 1 1
github.com/sirosfoundation/goff/internal/pipeline/metadata_load.go:298.5,298.43 1 1
github.com/sirosfoundation/goff/internal/pipeline/metadata_load.go:298.43,300.14 2 1
github.com/sirosfoundation/goff/internal/pipeline/metadata_load.go:303.5,303.58 1 1
github.com/sirosfoundation/goff/internal/pipeline/metadata_load.go:303.58,308.14 5 1
github.com/sirosfoundation/goff/internal/pipeline/metadata_load.go:311.5,311.135 1 1
github.com/sirosfoundation/goff/internal/pipeline/metadata_load.go:311.135,313.58 2 1
github.com/sirosfoundation/goff/internal/pipeline/metadata_load.go:313.58,315.7 1 0
github.com/sirosfoundation/goff/internal/pipeline/metadata_load.go:316.6,318.14 3 1
github.com/sirosfoundation/goff/internal/pipeline/metadata_load.go:321.5,321.38 1 1
github.com/sirosfoundation/goff/internal/pipeline/metadata_load.go:321.38,323.58 2 1
github.com/sirosfoundation/goff/internal/pipeline/metadata_load.go:323.58,325.7 1 0
github.com/sirosfoundation/goff/internal/pipeline/metadata_load.go:326.6,328.14 3 1
github.com/sirosfoundation/goff/internal/pipeline/metadata_load.go:331.5,331.33 1 1
github.com/sirosfoundation/goff/internal/pipeline/metadata_load.go:331.33,333.58 2 1
github.com/sirosfoundation/goff/internal/pipeline/metadata_load.go:333.58,335.7 1 0
github.com/sirosfoundation/goff/internal/pipeline/metadata_load.go:336.6,337.13 2 1
github.com/sirosfoundation/goff/internal/pipeline/metadata_load.go:340.23,341.77 1 1
github.com/sirosfoundation/goff/internal/pipeline/metadata_load.go:341.77,345.5 3 1
github.com/sirosfoundation/goff/internal/pipeline/metadata_load.go:347.4,347.64 1 1
github.com/sirosfoundation/goff/internal/pipeline/metadata_load.go:347.64,349.5 1 1
github.com/sirosfoundation/goff/internal/pipeline/metadata_load.go:351.4,351.78 1 1
github.com/sirosfoundation/goff/internal/pipeline/metadata_load.go:351.78,353.11 2 1
github.com/sirosfoundation/goff/internal/pipeline/metadata_load.go:353.11,356.46 3 1
github.com/sirosfoundation/goff/internal/pipeline/metadata_load.go:356.46,358.7 1 1
github.com/sirosfoundation/goff/internal/pipeline/metadata_load.go:359.6,359.33 1 1
github.com/sirosfoundation/goff/internal/pipeline/metadata_load.go:360.11,362.6 1 1
github.com/sirosfoundation/goff/internal/pipeline/metadata_load.go:363.5,370.23 8 1
github.com/sirosfoundation/goff/internal/pipeline/metadata_load.go:372.4,372.11 1 1
github.com/sirosfoundation/goff/internal/pipeline/metadata_load.go:376.2,376.15 1 1
github.com/sirosfoundation/goff/internal/pipeline/metadata_load.go:376.15,378.3 1 0
github.com/sirosfoundation/goff/internal/pipeline/metadata_load.go:380.2,380.19 1 1
github.com/sirosfoundation/goff/internal/pipeline/metadata_load.go:383.47,385.23 2 1
github.com/sirosfoundation/goff/internal/pipeline/metadata_load.go:385.23,386.14 1 1
github.com/sirosfoundation/goff/internal/pipeline/metadata_load.go:386.14,387.12 1 0
github.com/sirosfoundation/goff/internal/pipeline/metadata_load.go:389.3,389.25 1 1
github.com/sirosfoundation/goff/internal/pipeline/metadata_load.go:392.2,393.24 2 1
github.com/sirosfoundation/goff/internal/pipeline/metadata_load.go:393.24,395.3 1 1
github.com/sirosfoundation/goff/internal/pipeline/metadata_load.go:396.2,397.12 2 1
github.com/sirosfoundation/goff/internal/pipeline/metadata_load.go:400.65,401.26 1 1
github.com/sirosfoundation/goff/internal/pipeline/metadata_load.go:401.26,402.63 1 1
github.com/sirosfoundation/goff/internal/pipeline/metadata_load.go:402.63,404.4 1 1
github.com/sirosfoundation/goff/internal/pipeline/metadata_load.go:406.2,406.18 1 1
github.com/sirosfoundation/goff/internal/pipeline/metadata_load.go:409.50,410.15 1 1
github.com/sirosfoundation/goff/internal/pipeline/metadata_load.go:411.26,412.21 1 1
github.com/sirosfoundation/goff/internal/pipeline/metadata_load.go:413.25,414.20 1 1
github.com/sirosfoundation/goff/internal/pipeline/metadata_load.go:415.38,416.20 1 0
github.com/sirosfoundation/goff/internal/pipeline/metadata_load.go:417.34,418.23 1 0
github.com/sirosfoundation/goff/internal/pipeline/metadata_load.go:419.23,420.21 1 0
github.com/sirosfoundation/goff/internal/pipeline/metadata_load.go:421.10,422.19 1 1
github.com/sirosfoundation/goff/internal/pipeline/metadata_load.go:426.88,427.28 1 1
github.com/sirosfoundation/goff/internal/pipeline/metadata_load.go:427.28,429.10 2 1
github.com/sirosfoundation/goff/internal/pipeline/metadata_load.go:429.10,431.12 2 1
github.com/sirosfoundation/goff/internal/pipeline/metadata_load.go:433.3,437.43 5 0
github.com/sirosfoundation/goff/internal/pipeline/metadata_load.go:437.43,439.4 1 0
github.com/sirosfoundation/goff/internal/pipeline/metadata_load.go:440.3,440.21 1 0
github.com/sirosfoundation/goff/internal/pipeline/metadata_load.go:444.70,445.16 1 1
github.com/sirosfoundation/goff/internal/pipeline/metadata_load.go:445.16,447.3 1 0
github.com/sirosfoundation/goff/internal/pipeline/metadata_load.go:448.2,448.24 1 1
github.com/sirosfoundation/goff/internal/pipeline/metadata_load.go:448.24,450.3 1 0
github.com/sirosfoundation/goff/internal/pipeline/metadata_load.go:453.40,455.2 1 1
github.com/sirosfoundation/goff/internal/pipeline/metadata_load.go:457.41,458.15 1 1
github.com/sirosfoundation/goff/internal/pipeline/metadata_load.go:459.104,460.14 1 1
github.com/sirosfoundation/goff/internal/pipeline/metadata_load.go:461.10,462.15 1 1
github.com/sirosfoundation/goff/internal/pipeline/parser.go:14.43,16.16 2 1
github.com/sirosfoundation/goff/internal/pipeline/parser.go:16.16,18.3 1 1
github.com/sirosfoundation/goff/internal/pipeline/parser.go:20.2,21.49 2 1
github.com/sirosfoundation/goff/internal/pipeline/parser.go:21.49,23.3 1 0
github.com/sirosfoundation/goff/internal/pipeline/parser.go:25.2,25.28 1 1
github.com/sirosfoundation/goff/internal/pipeline/parser.go:25.28,27.3 1 0
github.com/sirosfoundation/goff/internal/pipeline/parser.go:29.2,30.36 2 1
github.com/sirosfoundation/goff/internal/pipeline/parser.go:30.36,33.45 2 1
github.com/sirosfoundation/goff/internal/pipeline/parser.go:33.45,35.4 1 0
github.com/sirosfoundation/goff/internal/pipeline/parser.go:37.3,37.22 1 1
github.com/sirosfoundation/goff/internal/pipeline/parser.go:37.22,39.4 1 0
github.com/sirosfoundation/goff/internal/pipeline/parser.go:41.3,41.65 1 1
github.com/sirosfoundation/goff/internal/pipeline/parser.go:44.2,45.40 2 1
github.com/sirosfoundation/goff/internal/pipeline/parser.go:45.40,47.3 1 1
github.com/sirosfoundation/goff/internal/pipeline/parser.go:49.2,49.26 1 1
github.com/sirosfoundation/goff/internal/pipeline/parser.go:49.26,51.3 1 0
github.com/sirosfoundation/goff/internal/pipeline/parser.go:52.2,54.15 2 1
github.com/sirosfoundation/goff/internal/pipeline/parser.go:60.53,61.19 1 1
github.com/sirosfoundation/goff/internal/pipeline/parser.go:62.23,65.51 3 1
github.com/sirosfoundation/goff/internal/pipeline/parser.go:65.51,67.4 1 0
github.com/sirosfoundation/goff/internal/pipeline/parser.go:68.3,68.27 1 1
github.com/sirosfoundation/goff/internal/pipeline/parser.go:68.27,69.73 1 1
github.com/sirosfoundation/goff/internal/pipeline/parser.go:69.73,71.5 1 1
github.com/sirosfoundation/goff/internal/pipeline/parser.go:73.3,73.27 1 1
github.com/sirosfoundation/goff/internal/pipeline/parser.go:73.27,74.73 1 0
github.com/sirosfoundation/goff/internal/pipeline/parser.go:74.73,76.5 1 0
github.com/sirosfoundation/goff/internal/pipeline/parser.go:78.3,78.25 1 1
github.com/sirosfoundation/goff/internal/pipeline/parser.go:78.25,79.69 1 1
github.com/sirosfoundation/goff/internal/pipeline/parser.go:79.69,81.5 1 1
github.com/sirosfoundation/goff/internal/pipeline/parser.go:83.3,83.13 1 1
github.com/sirosfoundation/goff/internal/pipeline/parser.go:84.24,85.29 1 1
github.com/sirosfoundation/goff/internal/pipeline/parser.go:85.29,87.4 1 0
github.com/sirosfoundation/goff/internal/pipeline/parser.go:89.3,92.58 4 1
github.com/sirosfoundation/goff/internal/pipeline/parser.go:92.58,94.4 1 0
github.com/sirosfoundation/goff/internal/pipeline/parser.go:97.3,97.19 1 1
github.com/sirosfoundation/goff/internal/pipeline/parser.go:98.53,99.52 1 1
github.com/sirosfoundation/goff/internal/pipeline/parser.go:99.52,101.5 1 0
github.com/sirosfoundation/goff/internal/pipeline/parser.go:102.17,103.54 1 1
github.com/sirosfoundation/goff/internal/pipeline/parser.go:103.54,105.5 1 0
github.com/sirosfoundation/goff/internal/pipeline/parser.go:106.4,106.80 1 1
github.com/sirosfoundation/goff/internal/pipeline/parser.go:106.80,108.5 1 0
github.com/sirosfoundation/goff/internal/pipeline/parser.go:109.17,110.54 1 1
github.com/sirosfoundation/goff/internal/pipeline/parser.go:110.54,112.5 1 0
github.com/sirosfoundation/goff/internal/pipeline/parser.go:113.4,113.80 1 1
github.com/sirosfoundation/goff/internal/pipeline/parser.go:113.80,115.5 1 0
github.com/sirosfoundation/goff/internal/pipeline/parser.go:116.15,117.52 1 1
github.com/sirosfoundation/goff/internal/pipeline/parser.go:117.52,119.5 1 0
github.com/sirosfoundation/goff/internal/pipeline/parser.go:120.15,121.52 1 1
github.com/sirosfoundation/goff/internal/pipeline/parser.go:121.52,123.5 1 1
github.com/sirosfoundation/goff/internal/pipeline/parser.go:124.4,124.76 1 0
github.com/sirosfoundation/goff/internal/pipeline/parser.go:124.76,126.5 1 0
github.com/sirosfoundation/goff/internal/pipeline/parser.go:127.19,128.56 1 1
github.com/sirosfoundation/goff/internal/pipeline/parser.go:128.56,130.5 1 0
github.com/sirosfoundation/goff/internal/pipeline/parser.go:131.15,132.52 1 1
github.com/sirosfoundation/goff/internal/pipeline/parser.go:132.52,134.5 1 0
github.com/sirosfoundation/goff/internal/pipeline/parser.go:135.17,136.54 1 1
github.com/sirosfoundation/goff/internal/pipeline/parser.go:136.54,138.5 1 0
github.com/sirosfoundation/goff/internal/pipeline/parser.go:139.18,140.55 1 1
github.com/sirosfoundation/goff/internal/pipeline/parser.go:140.55,142.5 1 0
github.com/sirosfoundation/goff/internal/pipeline/parser.go:143.16,143.16 0 0
github.com/sirosfoundation/goff/internal/pipeline/parser.go:145.11,145.11 0 0
github.com/sirosfoundation/goff/internal/pipeline/parser.go:148.3,148.13 1 1
github.com/sirosfoundation/goff/internal/pipeline/parser.go:149.10,150.61 1 0
github.com/sirosfoundation/goff/internal/pipeline/parser.go:154.40,156.21 2 1
github.com/sirosfoundation/goff/internal/pipeline/parser.go:156.21,158.3 1 0
github.com/sirosfoundation/goff/internal/pipeline/parser.go:159.2,159.17 1 1
github.com/sirosfoundation/goff/internal/pipeline/parser.go:162.70,164.21 2 1
github.com/sirosfoundation/goff/internal/pipeline/parser.go:164.21,166.3 1 1
github.com/sirosfoundation/goff/internal/pipeline/parser.go:168.2,168.34 1 1
github.com/sirosfoundation/goff/internal/pipeline/parser.go:168.34,169.19 1 1
github.com/sirosfoundation/goff/internal/pipeline/parser.go:170.13,171.25 1 1
github.com/sirosfoundation/goff/internal/pipeline/parser.go:171.25,173.5 1 1
github.com/sirosfoundation/goff/internal/pipeline/parser.go:174.4,175.7 2 1
github.com/sirosfoundation/goff/internal/pipeline/parser.go:176.16,177.25 1 1
github.com/sirosfoundation/goff/internal/pipeline/parser.go:177.25,179.5 1 0
github.com/sirosfoundation/goff/internal/pipeline/parser.go:180.4,181.18 2 1
github.com/sirosfoundation/goff/internal/pipeline/parser.go:181.18,183.5 1 0
github.com/sirosfoundation/goff/internal/pipeline/parser.go:184.4,185.7 2 1
github.com/sirosfoundation/goff/internal/pipeline/parser.go:189.2,189.12 1 1
github.com/sirosfoundation/goff/internal/pipeline/parser.go:192.70,194.21 2 1
github.com/sirosfoundation/goff/internal/pipeline/parser.go:194.21,196.3 1 0
github.com/sirosfoundation/goff/internal/pipeline/parser.go:198.2,198.34 1 1
github.com/sirosfoundation/goff/internal/pipeline/parser.go:198.34,199.23 1 1
github.com/sirosfoundation/goff/internal/pipeline/parser.go:199.23,200.25 1 1
github.com/sirosfoundation/goff/internal/pipeline/parser.go:200.25,202.5 1 0
github.com/sirosfoundation/goff/internal/pipeline/parser.go:203.4,204.7 2 1
github.com/sirosfoundation/goff/internal/pipeline/parser.go:208.2,208.12 1 1
github.com/sirosfoundation/goff/internal/pipeline/parser.go:211.66,213.21 2 1
github.com/sirosfoundation/goff/internal/pipeline/parser.go:213.21,215.3 1 0
github.com/sirosfoundation/goff/internal/pipeline/parser.go:217.2,217.34 1 1
github.com/sirosfoundation/goff/internal/pipeline/parser.go:217.34,218.29 1 1
github.com/sirosfoundation/goff/internal/pipeline/parser.go:218.29,219.25 1 1
github.com/sirosfoundation/goff/internal/pipeline/parser.go:219.25,221.5 1 1
github.com/sirosfoundation/goff/internal/pipeline/parser.go:222.4,223.9 2 1
github.com/sirosfoundation/goff/internal/pipeline/parser.go:227.2,227.12 1 1
github.com/sirosfoundation/goff/internal/pipeline/parser.go:230.42,232.47 2 1
github.com/sirosfoundation/goff/internal/pipeline/parser.go:232.47,234.3 1 0
github.com/sirosfoundation/goff/internal/pipeline/parser.go:235.2,235.24 1 1
github.com/sirosfoundation/goff/internal/pipeline/parser.go:235.24,237.3 1 1
github.com/sirosfoundation/goff/internal/pipeline/parser.go:238.2,238.86 1 1
github.com/sirosfoundation/goff/internal/pipeline/parser.go:238.86,240.3 1 1
github.com/sirosfoundation/goff/internal/pipeline/parser.go:241.2,241.12 1 1
github.com/sirosfoundation/goff/internal/pipeline/parser.go:244.40,247.2 2 1
github.com/sirosfoundation/goff/internal/pipeline/parser.go:253.57,254.19 1 1
github.com/sirosfoundation/goff/internal/pipeline/parser.go:255.23,256.23 1 0
github.com/sirosfoundation/goff/internal/pipeline/parser.go:256.23,258.4 1 0
github.com/sirosfoundation/goff/internal/pipeline/parser.go:259.3,260.13 2 0
github.com/sirosfoundation/goff/internal/pipeline/parser.go:261.25,262.34 1 0
github.com/sirosfoundation/goff/internal/pipeline/parser.go:263.24,266.41 3 1
github.com/sirosfoundation/goff/internal/pipeline/parser.go:266.41,268.4 1 0
github.com/sirosfoundation/goff/internal/pipeline/parser.go:269.3,270.13 2 1
github.com/sirosfoundation/goff/internal/pipeline/parser.go:271.10,272.65 1 0
github.com/sirosfoundation/goff/internal/pipeline/parser.go:280.59,281.19 1 1
github.com/sirosfoundation/goff/internal/pipeline/parser.go:282.23,284.13 2 0
github.com/sirosfoundation/goff/internal/pipeline/parser.go:285.25,286.35 1 1
github.com/sirosfoundation/goff/internal/pipeline/parser.go:287.24,290.41 3 1
github.com/sirosfoundation/goff/internal/pipeline/parser.go:290.41,292.4 1 0
github.com/sirosfoundation/goff/internal/pipeline/parser.go:293.3,294.13 2 1
github.com/sirosfoundation/goff/internal/pipeline/parser.go:295.10,296.67 1 0
github.com/sirosfoundation/goff/internal/pipeline/parser.go:303.57,304.19 1 1
github.com/sirosfoundation/goff/internal/pipeline/parser.go:305.23,307.13 2 0
github.com/sirosfoundation/goff/internal/pipeline/parser.go:308.24,311.41 3 0
github.com/sirosfoundation/goff/internal/pipeline/parser.go:311.41,313.4 1 0
github.com/sirosfoundation/goff/internal/pipeline/parser.go:314.3,315.13 2 0
github.com/sirosfoundation/goff/internal/pipeline/parser.go:316.10,317.65 1 1
github.com/sirosfoundation/goff/internal/pipeline/signing.go:16.68,18.16 2 1
github.com/sirosfoundation/goff/internal/pipeline/signing.go:18.16,20.3 1 0
github.com/sirosfoundation/goff/internal/pipeline/signing.go:22.2,23.9 2 1
github.com/sirosfoundation/goff/internal/pipeline/signing.go:23.9,25.3 1 0
github.com/sirosfoundation/goff/internal/pipeline/signing.go:26.2,26.20 1 1
github.com/sirosfoundation/goff/internal/pipeline/signing.go:26.20,28.3 1 0
github.com/sirosfoundation/goff/internal/pipeline/signing.go:30.2,31.16 2 1
github.com/sirosfoundation/goff/internal/pipeline/signing.go:31.16,33.3 1 0
github.com/sirosfoundation/goff/internal/pipeline/signing.go:34.2,37.51 3 1
github.com/sirosfoundation/goff/internal/pipeline/signing.go:37.51,39.3 1 0
github.com/sirosfoundation/goff/internal/pipeline/signing.go:41.2,41.23 1 1
github.com/sirosfoundation/goff/internal/pipeline/signing.go:41.23,43.3 1 0
github.com/sirosfoundation/goff/internal/pipeline/signing.go:45.2,46.16 2 1
github.com/sirosfoundation/goff/internal/pipeline/signing.go:46.16,48.3 1 0
github.com/sirosfoundation/goff/internal/pipeline/signing.go:50.2,52.27 3 1
github.com/sirosfoundation/goff/internal/pipeline/signing.go:55.71,61.23 2 1
github.com/sirosfoundation/goff/internal/pipeline/signing.go:61.23,70.20 3 0
github.com/sirosfoundation/goff/internal/pipeline/signing.go:70.20,73.4 2 0
github.com/sirosfoundation/goff/internal/pipeline/signing.go:76.2,78.16 3 1
github.com/sirosfoundation/goff/internal/pipeline/signing.go:78.16,80.3 1 0
github.com/sirosfoundation/goff/internal/pipeline/signing.go:82.2,82.16 1 1
github.com/sirosfoundation/goff/internal/pipeline/signing.go:85.62,86.20 1 1
github.com/sirosfoundation/goff/internal/pipeline/signing.go:86.20,88.3 1 0
github.com/sirosfoundation/goff/internal/pipeline/signing.go:90.2,91.16 2 1
github.com/sirosfoundation/goff/internal/pipeline/signing.go:91.16,93.3 1 0
github.com/sirosfoundation/goff/internal/pipeline/signing.go:95.2,96.51 2 1
github.com/sirosfoundation/goff/internal/pipeline/signing.go:96.51,98.3 1 0
github.com/sirosfoundation/goff/internal/pipeline/signing.go:99.2,99.23 1 1
github.com/sirosfoundation/goff/internal/pipeline/signing.go:99.23,101.3 1 0
github.com/sirosfoundation/goff/internal/pipeline/signing.go:103.2,107.52 2 1
github.com/sirosfoundation/goff/internal/pipeline/signing.go:107.52,109.3 1 1
github.com/sirosfoundation/goff/internal/pipeline/signing.go:111.2,111.12 1 1
github.com/sirosfoundation/goff/internal/pipeline/signing.go:114.73,116.16 2 1
github.com/sirosfoundation/goff/internal/pipeline/signing.go:116.16,118.3 1 0
github.com/sirosfoundation/goff/internal/pipeline/signing.go:120.2,121.49 2 1
github.com/sirosfoundation/goff/internal/pipeline/signing.go:121.49,123.3 1 0
github.com/sirosfoundation/goff/internal/pipeline/signing.go:125.2,126.16 2 1
github.com/sirosfoundation/goff/internal/pipeline/signing.go:126.16,128.3 1 0
github.com/sirosfoundation/goff/internal/pipeline/signing.go:130.2,130.18 1 1
